[Tue Jan 20 01:55:51 +04 2026] Starting Messages watcher...
Watching: /Users/rafa/Library/Messages/chat.db
Press Ctrl+C to stop
[Tue Jan 20 01:56:58 +04 2026] Starting Messages watcher...
Watching: /Users/rafa/Library/Messages/chat.db
Press Ctrl+C to stop
[Tue Jan 20 04:25:30 +04 2026] New message detected, importing...
[2026-01-20T00:25:30.208Z] Starting SMS import (last 365 days)...
Error: The module '/Users/rafa/Cyber/Infrastructure/Nexus-setup/scripts/node_modules/better-sqlite3/build/Release/better_sqlite3.node'
was compiled against a different Node.js version using
NODE_MODULE_VERSION 137. This version of Node.js requires
NODE_MODULE_VERSION 131. Please try re-compiling or re-installing
the module (for instance, using `npm rebuild` or `npm install`).
    at Object..node (node:internal/modules/cjs/loader:1925:18)
    at Module.load (node:internal/modules/cjs/loader:1469:32)
    at Function._load (node:internal/modules/cjs/loader:1286:12)
    at TracingChannel.traceSync (node:diagnostics_channel:322:14)
    at wrapModuleLoad (node:internal/modules/cjs/loader:235:24)
    at Module.require (node:internal/modules/cjs/loader:1491:12)
    at require (node:internal/modules/helpers:135:16)
    at bindings (/Users/rafa/Cyber/Infrastructure/Nexus-setup/scripts/node_modules/bindings/bindings.js:112:48)
    at new Database (/Users/rafa/Cyber/Infrastructure/Nexus-setup/scripts/node_modules/better-sqlite3/lib/database.js:48:64)
    at importTransactions (file:///Users/rafa/Cyber/Infrastructure/Nexus-setup/scripts/import-sms-transactions.js:322:22) {
  code: 'ERR_DLOPEN_FAILED'
}
[Tue Jan 20 04:25:30 +04 2026] Import complete
[Tue Jan 20 07:58:25 +04 2026] Starting Messages watcher...
Watching: /Users/rafa/Library/Messages/chat.db
Press Ctrl+C to stop
[Tue Jan 20 08:47:19 +04 2026] New message detected, importing...
[2026-01-20T04:47:19.992Z] Starting SMS import (last 365 days)...
Found 331 bank messages

Import complete in 2.1s:
  New: 0
  Duplicates: 242
  Skipped: 89
  Errors: 0

Account Summary:
  AlRajhi Bank: 156 tx, spent 95262.18, received 2256.28
  Emirates NBD: 81 tx, spent 9846.76, received 47000.00
  Jordan Kuwait Bank: 5 tx, spent 1102.00, received 215.59
[Tue Jan 20 08:47:22 +04 2026] Import complete
[Tue Jan 20 10:31:12 +04 2026] New message detected, importing...
[2026-01-20T06:31:12.314Z] Starting SMS import (last 365 days)...
Found 331 bank messages

Import complete in 1.7s:
  New: 0
  Duplicates: 242
  Skipped: 89
  Errors: 0

Account Summary:
  AlRajhi Bank: 156 tx, spent 95262.18, received 2256.28
  Emirates NBD: 81 tx, spent 9846.76, received 47000.00
  Jordan Kuwait Bank: 5 tx, spent 1102.00, received 215.59
[Tue Jan 20 10:31:14 +04 2026] Import complete
[Tue Jan 20 11:11:20 +04 2026] New message detected, importing...
[2026-01-20T07:11:20.719Z] Starting SMS import (last 365 days)...
Found 331 bank messages

Import complete in 7.8s:
  New: 0
  Duplicates: 242
  Skipped: 89
  Errors: 0

Account Summary:
  AlRajhi Bank: 156 tx, spent 95262.18, received 2256.28
  Emirates NBD: 81 tx, spent 9846.76, received 47000.00
  Jordan Kuwait Bank: 5 tx, spent 1102.00, received 215.59
[Tue Jan 20 11:13:01 +04 2026] Import complete
[Tue Jan 20 11:19:39 +04 2026] Starting Messages watcher...
Watching: /Users/rafa/Library/Messages/chat.db
Press Ctrl+C to stop
[Tue Jan 20 15:53:29 +04 2026] Starting Messages watcher...
Watching: /Users/rafa/Library/Messages/chat.db
Press Ctrl+C to stop
[Tue Jan 20 15:59:12 +04 2026] Starting Messages watcher...
Watching: /Users/rafa/Library/Messages/chat.db
Press Ctrl+C to stop
[Tue Jan 20 18:27:29 +04 2026] New message detected, importing...
[2026-01-20T14:27:29.277Z] Starting SMS import (last 365 days)...
Found 329 bank messages

Import complete in 7.3s:
  New: 114
  Duplicates: 127
  Skipped: 88
  Errors: 0

Account Summary:
  AlRajhi Bank: 156 tx, spent 95262.18, received 2256.28
  Emirates NBD: 81 tx, spent 9681.76, received 47025.00
  Jordan Kuwait Bank: 5 tx, spent 1102.00, received 215.59
[Tue Jan 20 18:27:36 +04 2026] Import complete
[Wed Jan 21 05:20:28 +04 2026] New message detected, importing...
[2026-01-21T01:20:28.391Z] Starting SMS import (last 365 days)...
Found 329 bank messages

Import complete in 4.5s:
  New: 241
  Duplicates: 0
  Skipped: 88
  Errors: 0

Account Summary:
  AlRajhi Bank: 155 tx, spent 94818.28, received 2256.28
  Emirates NBD: 81 tx, spent 9846.76, received 47000.00
  Jordan Kuwait Bank: 5 tx, spent 1102.00, received 215.59
[Wed Jan 21 05:20:33 +04 2026] Import complete
[Wed Jan 21 09:30:51 +04 2026] New message detected, importing...
[2026-01-21T05:30:51.335Z] Starting SMS import (last 365 days)...
Found 329 bank messages

Import complete in 1.7s:
  New: 0
  Duplicates: 241
  Skipped: 88
  Errors: 0

Account Summary:
  AlRajhi Bank: 155 tx, spent 94818.28, received 2256.28
  Emirates NBD: 81 tx, spent 9846.76, received 47000.00
  Jordan Kuwait Bank: 5 tx, spent 1102.00, received 215.59
[Wed Jan 21 09:30:53 +04 2026] Import complete
[Wed Jan 21 13:33:39 +04 2026] New message detected, importing...
[2026-01-21T09:33:39.235Z] Starting SMS import (last 365 days)...
Found 329 bank messages

Import complete in 7.0s:
  New: 0
  Duplicates: 241
  Skipped: 88
  Errors: 0

Account Summary:
  AlRajhi Bank: 164 tx, spent 97635.82, received 2256.28
  Emirates NBD: 81 tx, spent 9846.76, received 47000.00
  Jordan Kuwait Bank: 258 tx, spent 64196.46, received 19218.09

[2026-01-21T09:33:46.287Z] Processing BNPL messages...
Found 1 BNPL messages
BNPL import: 0 new, 1 duplicates

[2026-01-21T09:33:46.319Z] Matching Tabby payments...
Found 4 unlinked Tabby transactions
[Wed Jan 21 13:33:46 +04 2026] Import complete
[Wed Jan 21 15:40:08 +04 2026] New message detected, importing...
[2026-01-21T11:40:08.878Z] Starting SMS import (last 365 days)...
Found 329 bank messages

Import complete in 10.0s:
  New: 0
  Duplicates: 241
  Skipped: 88
  Errors: 0

Account Summary:
  AlRajhi Bank: 164 tx, spent 97635.82, received 2256.28
  Emirates NBD: 81 tx, spent 9846.76, received 47000.00
  Jordan Kuwait Bank: 258 tx, spent 64196.46, received 19218.09

[2026-01-21T11:40:18.947Z] Processing BNPL messages...
Found 1 BNPL messages
BNPL import: 0 new, 1 duplicates

[2026-01-21T11:40:18.980Z] Matching Tabby payments...
Found 4 unlinked Tabby transactions
[Wed Jan 21 15:40:19 +04 2026] Import complete
[Wed Jan 21 19:02:48 +04 2026] New message detected, importing...
[2026-01-21T15:02:48.282Z] Starting SMS import (last 365 days)...
Found 329 bank messages

Import complete in 20.1s:
  New: 0
  Duplicates: 241
  Skipped: 88
  Errors: 0

Account Summary:
  AlRajhi Bank: 164 tx, spent 97635.82, received 2256.28
  Emirates NBD: 81 tx, spent 9846.76, received 47000.00
  Jordan Kuwait Bank: 258 tx, spent 64196.46, received 19218.09

[2026-01-21T15:03:08.427Z] Processing BNPL messages...
Found 1 BNPL messages
BNPL import: 0 new, 1 duplicates

[2026-01-21T15:03:08.458Z] Matching Tabby payments...
Found 4 unlinked Tabby transactions
[Wed Jan 21 19:03:08 +04 2026] Import complete
[Thu Jan 22 00:28:50 +04 2026] New message detected, importing...
[2026-01-21T20:28:50.925Z] Starting SMS import (last 365 days)...
Found 329 bank messages

Import complete in 1.6s:
  New: 0
  Duplicates: 241
  Skipped: 88
  Errors: 0

Account Summary:
  AlRajhi Bank: 164 tx, spent 97635.82, received 2256.28
  Emirates NBD: 81 tx, spent 9846.76, received 47000.00
  Jordan Kuwait Bank: 258 tx, spent 64196.46, received 19218.09

[2026-01-21T20:28:52.589Z] Processing BNPL messages...
Found 1 BNPL messages
BNPL import: 0 new, 1 duplicates

[2026-01-21T20:28:52.608Z] Matching Tabby payments...
Found 4 unlinked Tabby transactions
[Thu Jan 22 00:28:52 +04 2026] Import complete
[Thu Jan 22 00:33:22 +04 2026] New message detected, importing...
[2026-01-21T20:33:22.736Z] Starting SMS import (last 365 days)...
Found 329 bank messages

Import complete in 1.8s:
  New: 0
  Duplicates: 241
  Skipped: 88
  Errors: 0

Account Summary:
  AlRajhi Bank: 164 tx, spent 97635.82, received 2256.28
  Emirates NBD: 81 tx, spent 9846.76, received 47000.00
  Jordan Kuwait Bank: 258 tx, spent 64196.46, received 19218.09

[2026-01-21T20:33:24.592Z] Processing BNPL messages...
Found 1 BNPL messages
BNPL import: 0 new, 1 duplicates

[2026-01-21T20:33:24.609Z] Matching Tabby payments...
Found 4 unlinked Tabby transactions
[Thu Jan 22 00:33:24 +04 2026] Import complete
[Thu Jan 22 01:50:06 +04 2026] New message detected, importing...
[2026-01-21T21:50:06.194Z] Starting SMS import (last 365 days)...
Found 329 bank messages

Import complete in 1.7s:
  New: 0
  Duplicates: 241
  Skipped: 88
  Errors: 0

Account Summary:
  AlRajhi Bank: 164 tx, spent 97635.82, received 2256.28
  Emirates NBD: 81 tx, spent 9846.76, received 47000.00
  Jordan Kuwait Bank: 258 tx, spent 64196.46, received 19218.09

[2026-01-21T21:50:07.861Z] Processing BNPL messages...
Found 1 BNPL messages
BNPL import: 0 new, 1 duplicates

[2026-01-21T21:50:07.876Z] Matching Tabby payments...
Found 4 unlinked Tabby transactions
[Thu Jan 22 01:50:08 +04 2026] Import complete
[Thu Jan 22 02:34:43 +04 2026] New message detected, importing...
[2026-01-21T22:34:43.281Z] Starting SMS import (last 365 days)...
Found 329 bank messages

Import complete in 1.7s:
  New: 0
  Duplicates: 241
  Skipped: 88
  Errors: 0

Account Summary:
  AlRajhi Bank: 164 tx, spent 97635.82, received 2256.28
  Emirates NBD: 81 tx, spent 9846.76, received 47000.00
  Jordan Kuwait Bank: 258 tx, spent 64196.46, received 19218.09

[2026-01-21T22:34:45.040Z] Processing BNPL messages...
Found 1 BNPL messages
BNPL import: 0 new, 1 duplicates

[2026-01-21T22:34:45.052Z] Matching Tabby payments...
Found 4 unlinked Tabby transactions
[Thu Jan 22 02:34:45 +04 2026] Import complete
[Thu Jan 22 02:34:49 +04 2026] New message detected, importing...
[2026-01-21T22:34:49.207Z] Starting SMS import (last 365 days)...
Found 329 bank messages

Import complete in 1.5s:
  New: 0
  Duplicates: 241
  Skipped: 88
  Errors: 0

Account Summary:
  AlRajhi Bank: 164 tx, spent 97635.82, received 2256.28
  Emirates NBD: 81 tx, spent 9846.76, received 47000.00
  Jordan Kuwait Bank: 258 tx, spent 64196.46, received 19218.09

[2026-01-21T22:34:50.742Z] Processing BNPL messages...
Found 1 BNPL messages
BNPL import: 0 new, 1 duplicates

[2026-01-21T22:34:50.753Z] Matching Tabby payments...
Found 4 unlinked Tabby transactions
[Thu Jan 22 02:34:50 +04 2026] Import complete
[Thu Jan 22 03:35:17 +04 2026] New message detected, importing...
[2026-01-21T23:35:17.288Z] Starting SMS import (last 365 days)...
Found 328 bank messages

Import complete in 1.5s:
  New: 0
  Duplicates: 240
  Skipped: 88
  Errors: 0

Account Summary:
  AlRajhi Bank: 164 tx, spent 97635.82, received 2256.28
  Emirates NBD: 81 tx, spent 9846.76, received 47000.00
  Jordan Kuwait Bank: 258 tx, spent 64196.46, received 19218.09

[2026-01-21T23:35:18.849Z] Processing BNPL messages...
Found 1 BNPL messages
BNPL import: 0 new, 1 duplicates

[2026-01-21T23:35:18.861Z] Matching Tabby payments...
Found 4 unlinked Tabby transactions
[Thu Jan 22 03:35:19 +04 2026] Import complete
[Thu Jan 22 13:50:09 +04 2026] New message detected, importing...
[2026-01-22T09:50:09.318Z] Starting SMS import (last 365 days)...
Found 324 bank messages

Import complete in 5.7s:
  New: 0
  Duplicates: 237
  Skipped: 87
  Errors: 0

Account Summary:
  AlRajhi Bank: 164 tx, spent 97635.82, received 2256.28
  Emirates NBD: 81 tx, spent 9846.76, received 47000.00
  Jordan Kuwait Bank: 258 tx, spent 64196.46, received 19218.09

[2026-01-22T09:50:15.046Z] Processing BNPL messages...
Found 1 BNPL messages
  Created: BodyMasters - SAR 1554 (4x 388.50)
BNPL import: 1 new, 0 duplicates

[2026-01-22T09:50:15.101Z] Matching Tabby payments...
Found 5 unlinked Tabby transactions
  Matched tx 1991 to "BodyMasters" (2/4)
[Thu Jan 22 13:50:15 +04 2026] Import complete
[Thu Jan 22 14:10:59 +04 2026] New message detected, importing...
[2026-01-22T10:10:59.184Z] Starting SMS import (last 365 days)...
Found 324 bank messages

Import complete in 5.6s:
  New: 0
  Duplicates: 237
  Skipped: 87
  Errors: 0

Account Summary:
  AlRajhi Bank: 164 tx, spent 97635.82, received 2256.28
  Emirates NBD: 81 tx, spent 9846.76, received 47000.00
  Jordan Kuwait Bank: 258 tx, spent 64196.46, received 19218.09

[2026-01-22T10:11:04.790Z] Processing BNPL messages...
Found 1 BNPL messages
BNPL import: 0 new, 1 duplicates

[2026-01-22T10:11:04.817Z] Matching Tabby payments...
Found 4 unlinked Tabby transactions
[Thu Jan 22 14:11:05 +04 2026] Import complete
[Thu Jan 22 16:20:20 +04 2026] New message detected, importing...
[2026-01-22T12:20:20.496Z] Starting SMS import (last 365 days)...
Found 323 bank messages

Import complete in 6.1s:
  New: 0
  Duplicates: 236
  Skipped: 87
  Errors: 0

Account Summary:
  AlRajhi Bank: 164 tx, spent 97635.82, received 2256.28
  Emirates NBD: 81 tx, spent 9846.76, received 47000.00
  Jordan Kuwait Bank: 258 tx, spent 64196.46, received 19218.09

[2026-01-22T12:20:26.600Z] Processing BNPL messages...
Found 1 BNPL messages
BNPL import: 0 new, 1 duplicates

[2026-01-22T12:20:26.628Z] Matching Tabby payments...
Found 4 unlinked Tabby transactions
[Thu Jan 22 16:20:27 +04 2026] Import complete
